ARM GAS  /tmp/cc1Xd7Nx.s 			page 1


   1              		.syntax unified
   2              		.cpu cortex-m3
   3              		.fpu softvfp
   4              		.eabi_attribute 20, 1
   5              		.eabi_attribute 21, 1
   6              		.eabi_attribute 23, 3
   7              		.eabi_attribute 24, 1
   8              		.eabi_attribute 25, 1
   9              		.eabi_attribute 26, 1
  10              		.eabi_attribute 30, 2
  11              		.eabi_attribute 34, 1
  12              		.eabi_attribute 18, 4
  13              		.thumb
  14              		.file	"board.c"
  15              		.text
  16              	.Ltext0:
  17              		.cfi_sections	.debug_frame
  18              		.section	.text.__early_init,"ax",%progbits
  19              		.align	2
  20              		.p2align 4,,15
  21              		.global	__early_init
  22              		.thumb
  23              		.thumb_func
  24              		.type	__early_init, %function
  25              	__early_init:
  26              	.LFB36:
  27              		.file 1 "../../ext/ChibiOS/boards/STAMP/board.c"
  28              		.loc 1 50 0
  29              		.cfi_startproc
  30              		@ args = 0, pretend = 0, frame = 0
  31              		@ frame_needed = 0, uses_anonymous_args = 0
  32              		@ link register save eliminated.
  33              		.loc 1 52 0
  34 0000 024B     		ldr	r3, .L2
  35 0002 4FF40042 		mov	r2, #32768
  36 0006 5A60     		str	r2, [r3, #4]
  37              		.loc 1 54 0
  38 0008 FFF7FEBF 		b	at91sam3_clock_init
  39              	.LVL0:
  40              	.L3:
  41              		.align	2
  42              	.L2:
  43 000c 50140E40 		.word	1074664528
  44              		.cfi_endproc
  45              	.LFE36:
  46              		.size	__early_init, .-__early_init
  47              		.section	.text.boardInit,"ax",%progbits
  48              		.align	2
  49              		.p2align 4,,15
  50              		.global	boardInit
  51              		.thumb
  52              		.thumb_func
  53              		.type	boardInit, %function
  54              	boardInit:
  55              	.LFB37:
  56              		.loc 1 61 0
  57              		.cfi_startproc
ARM GAS  /tmp/cc1Xd7Nx.s 			page 2


  58              		@ args = 0, pretend = 0, frame = 0
  59              		@ frame_needed = 0, uses_anonymous_args = 0
  60 0000 08B5     		push	{r3, lr}
  61              		.cfi_def_cfa_offset 8
  62              		.cfi_offset 3, -8
  63              		.cfi_offset 14, -4
  64              		.loc 1 65 0
  65 0002 0622     		movs	r2, #6
  66 0004 0448     		ldr	r0, .L6
  67 0006 4FF40031 		mov	r1, #131072
  68 000a FFF7FEFF 		bl	_pal_lld_setgroupmode
  69              	.LVL1:
  70              		.loc 1 66 0
  71 000e 034B     		ldr	r3, .L6+4
  72 0010 4FF40032 		mov	r2, #131072
  73 0014 1A63     		str	r2, [r3, #48]
  74 0016 08BD     		pop	{r3, pc}
  75              	.L7:
  76              		.align	2
  77              	.L6:
  78 0018 00120E40 		.word	1074663936
  79 001c 000E0E40 		.word	1074662912
  80              		.cfi_endproc
  81              	.LFE37:
  82              		.size	boardInit, .-boardInit
  83              		.global	pal_default_config
  84              		.section	.rodata.pal_default_config,"a",%progbits
  85              		.align	2
  86              		.type	pal_default_config, %object
  87              		.size	pal_default_config, 36
  88              	pal_default_config:
  89 0000 00000000 		.word	0
  90 0004 00000000 		.word	0
  91 0008 FFFFFFFF 		.word	-1
  92 000c 00000000 		.word	0
  93 0010 00000000 		.word	0
  94 0014 FFFFFFFF 		.word	-1
  95 0018 00000000 		.word	0
  96 001c 00000000 		.word	0
  97 0020 FFFFFFFF 		.word	-1
  98              		.text
  99              	.Letext0:
 100              		.file 2 "/opt/gcc-arm-none-eabi-4_9-2015q3/arm-none-eabi/include/machine/_default_types.h"
 101              		.file 3 "/opt/gcc-arm-none-eabi-4_9-2015q3/arm-none-eabi/include/sys/_stdint.h"
 102              		.file 4 "/opt/gcc-arm-none-eabi-4_9-2015q3/arm-none-eabi/include/stdint.h"
 103              		.file 5 "../../ext/ChibiOS/os/hal/platforms/AT91SAM3S/at91lib/SAM3S.h"
 104              		.file 6 "../../ext/ChibiOS/os/hal/platforms/AT91SAM3S/pal_lld.h"
 105              		.file 7 "../../ext/ChibiOS/os/hal/platforms/AT91SAM3S/core_cm3.h"
 106              		.file 8 "../../ext/ChibiOS/os/hal/platforms/AT91SAM3S/hal_lld.h"
 107              		.section	.debug_info,"",%progbits
 108              	.Ldebug_info0:
 109 0000 AF060000 		.4byte	0x6af
 110 0004 0400     		.2byte	0x4
 111 0006 00000000 		.4byte	.Ldebug_abbrev0
 112 000a 04       		.byte	0x4
 113 000b 01       		.uleb128 0x1
 114 000c DA010000 		.4byte	.LASF109
ARM GAS  /tmp/cc1Xd7Nx.s 			page 3


 115 0010 01       		.byte	0x1
 116 0011 43040000 		.4byte	.LASF110
 117 0015 7B030000 		.4byte	.LASF111
 118 0019 00000000 		.4byte	.Ldebug_ranges0+0
 119 001d 00000000 		.4byte	0
 120 0021 00000000 		.4byte	.Ldebug_line0
 121 0025 02       		.uleb128 0x2
 122 0026 04       		.byte	0x4
 123 0027 05       		.byte	0x5
 124 0028 696E7400 		.ascii	"int\000"
 125 002c 03       		.uleb128 0x3
 126 002d 04       		.byte	0x4
 127 002e 07       		.byte	0x7
 128 002f 66030000 		.4byte	.LASF0
 129 0033 03       		.uleb128 0x3
 130 0034 01       		.byte	0x1
 131 0035 06       		.byte	0x6
 132 0036 27030000 		.4byte	.LASF1
 133 003a 03       		.uleb128 0x3
 134 003b 01       		.byte	0x1
 135 003c 08       		.byte	0x8
 136 003d 09030000 		.4byte	.LASF2
 137 0041 03       		.uleb128 0x3
 138 0042 02       		.byte	0x2
 139 0043 05       		.byte	0x5
 140 0044 69000000 		.4byte	.LASF3
 141 0048 03       		.uleb128 0x3
 142 0049 02       		.byte	0x2
 143 004a 07       		.byte	0x7
 144 004b C5040000 		.4byte	.LASF4
 145 004f 03       		.uleb128 0x3
 146 0050 04       		.byte	0x4
 147 0051 05       		.byte	0x5
 148 0052 9A010000 		.4byte	.LASF5
 149 0056 04       		.uleb128 0x4
 150 0057 97000000 		.4byte	.LASF9
 151 005b 02       		.byte	0x2
 152 005c 41       		.byte	0x41
 153 005d 61000000 		.4byte	0x61
 154 0061 03       		.uleb128 0x3
 155 0062 04       		.byte	0x4
 156 0063 07       		.byte	0x7
 157 0064 85040000 		.4byte	.LASF6
 158 0068 03       		.uleb128 0x3
 159 0069 08       		.byte	0x8
 160 006a 05       		.byte	0x5
 161 006b 52010000 		.4byte	.LASF7
 162 006f 03       		.uleb128 0x3
 163 0070 08       		.byte	0x8
 164 0071 07       		.byte	0x7
 165 0072 60010000 		.4byte	.LASF8
 166 0076 04       		.uleb128 0x4
 167 0077 54030000 		.4byte	.LASF10
 168 007b 03       		.byte	0x3
 169 007c 20       		.byte	0x20
 170 007d 56000000 		.4byte	0x56
 171 0081 04       		.uleb128 0x4
ARM GAS  /tmp/cc1Xd7Nx.s 			page 4


 172 0082 47030000 		.4byte	.LASF11
 173 0086 04       		.byte	0x4
 174 0087 34       		.byte	0x34
 175 0088 2C000000 		.4byte	0x2c
 176 008c 05       		.uleb128 0x5
 177 008d 76000000 		.4byte	0x76
 178 0091 03       		.uleb128 0x3
 179 0092 04       		.byte	0x4
 180 0093 07       		.byte	0x7
 181 0094 7E000000 		.4byte	.LASF12
 182 0098 03       		.uleb128 0x3
 183 0099 01       		.byte	0x1
 184 009a 08       		.byte	0x8
 185 009b 05040000 		.4byte	.LASF13
 186 009f 04       		.uleb128 0x4
 187 00a0 BF020000 		.4byte	.LASF14
 188 00a4 05       		.byte	0x5
 189 00a5 35       		.byte	0x35
 190 00a6 AA000000 		.4byte	0xaa
 191 00aa 06       		.uleb128 0x6
 192 00ab 8C000000 		.4byte	0x8c
 193 00af 04       		.uleb128 0x4
 194 00b0 C9000000 		.4byte	.LASF15
 195 00b4 05       		.byte	0x5
 196 00b5 39       		.byte	0x39
 197 00b6 8C000000 		.4byte	0x8c
 198 00ba 04       		.uleb128 0x4
 199 00bb 21030000 		.4byte	.LASF16
 200 00bf 05       		.byte	0x5
 201 00c0 3A       		.byte	0x3a
 202 00c1 8C000000 		.4byte	0x8c
 203 00c5 07       		.uleb128 0x7
 204 00c6 BA000000 		.4byte	0xba
 205 00ca D5000000 		.4byte	0xd5
 206 00ce 08       		.uleb128 0x8
 207 00cf 91000000 		.4byte	0x91
 208 00d3 12       		.byte	0x12
 209 00d4 00       		.byte	0
 210 00d5 07       		.uleb128 0x7
 211 00d6 BA000000 		.4byte	0xba
 212 00da E5000000 		.4byte	0xe5
 213 00de 08       		.uleb128 0x8
 214 00df 91000000 		.4byte	0x91
 215 00e3 00       		.byte	0
 216 00e4 00       		.byte	0
 217 00e5 07       		.uleb128 0x7
 218 00e6 BA000000 		.4byte	0xba
 219 00ea F5000000 		.4byte	0xf5
 220 00ee 08       		.uleb128 0x8
 221 00ef 91000000 		.4byte	0x91
 222 00f3 01       		.byte	0x1
 223 00f4 00       		.byte	0
 224 00f5 07       		.uleb128 0x7
 225 00f6 BA000000 		.4byte	0xba
 226 00fa 05010000 		.4byte	0x105
 227 00fe 08       		.uleb128 0x8
 228 00ff 91000000 		.4byte	0x91
ARM GAS  /tmp/cc1Xd7Nx.s 			page 5


 229 0103 04       		.byte	0x4
 230 0104 00       		.byte	0
 231 0105 09       		.uleb128 0x9
 232 0106 9001     		.2byte	0x190
 233 0108 05       		.byte	0x5
 234 0109 DA06     		.2byte	0x6da
 235 010b FE040000 		.4byte	0x4fe
 236 010f 0A       		.uleb128 0xa
 237 0110 14050000 		.4byte	.LASF17
 238 0114 05       		.byte	0x5
 239 0115 DB06     		.2byte	0x6db
 240 0117 AF000000 		.4byte	0xaf
 241 011b 00       		.byte	0
 242 011c 0A       		.uleb128 0xa
 243 011d 9B050000 		.4byte	.LASF18
 244 0121 05       		.byte	0x5
 245 0122 DC06     		.2byte	0x6dc
 246 0124 AF000000 		.4byte	0xaf
 247 0128 04       		.byte	0x4
 248 0129 0A       		.uleb128 0xa
 249 012a A3050000 		.4byte	.LASF19
 250 012e 05       		.byte	0x5
 251 012f DD06     		.2byte	0x6dd
 252 0131 9F000000 		.4byte	0x9f
 253 0135 08       		.byte	0x8
 254 0136 0A       		.uleb128 0xa
 255 0137 E1000000 		.4byte	.LASF20
 256 013b 05       		.byte	0x5
 257 013c DE06     		.2byte	0x6de
 258 013e FE040000 		.4byte	0x4fe
 259 0142 0C       		.byte	0xc
 260 0143 0A       		.uleb128 0xa
 261 0144 56050000 		.4byte	.LASF21
 262 0148 05       		.byte	0x5
 263 0149 DF06     		.2byte	0x6df
 264 014b AF000000 		.4byte	0xaf
 265 014f 10       		.byte	0x10
 266 0150 0A       		.uleb128 0xa
 267 0151 59000000 		.4byte	.LASF22
 268 0155 05       		.byte	0x5
 269 0156 E006     		.2byte	0x6e0
 270 0158 AF000000 		.4byte	0xaf
 271 015c 14       		.byte	0x14
 272 015d 0A       		.uleb128 0xa
 273 015e 61000000 		.4byte	.LASF23
 274 0162 05       		.byte	0x5
 275 0163 E106     		.2byte	0x6e1
 276 0165 9F000000 		.4byte	0x9f
 277 0169 18       		.byte	0x18
 278 016a 0A       		.uleb128 0xa
 279 016b EB000000 		.4byte	.LASF24
 280 016f 05       		.byte	0x5
 281 0170 E206     		.2byte	0x6e2
 282 0172 03050000 		.4byte	0x503
 283 0176 1C       		.byte	0x1c
 284 0177 0A       		.uleb128 0xa
 285 0178 0B050000 		.4byte	.LASF25
ARM GAS  /tmp/cc1Xd7Nx.s 			page 6


 286 017c 05       		.byte	0x5
 287 017d E306     		.2byte	0x6e3
 288 017f AF000000 		.4byte	0xaf
 289 0183 20       		.byte	0x20
 290 0184 0A       		.uleb128 0xa
 291 0185 81010000 		.4byte	.LASF26
 292 0189 05       		.byte	0x5
 293 018a E406     		.2byte	0x6e4
 294 018c AF000000 		.4byte	0xaf
 295 0190 24       		.byte	0x24
 296 0191 0A       		.uleb128 0xa
 297 0192 8A010000 		.4byte	.LASF27
 298 0196 05       		.byte	0x5
 299 0197 E506     		.2byte	0x6e5
 300 0199 9F000000 		.4byte	0x9f
 301 019d 28       		.byte	0x28
 302 019e 0A       		.uleb128 0xa
 303 019f 97040000 		.4byte	.LASF28
 304 01a3 05       		.byte	0x5
 305 01a4 E606     		.2byte	0x6e6
 306 01a6 08050000 		.4byte	0x508
 307 01aa 2C       		.byte	0x2c
 308 01ab 0A       		.uleb128 0xa
 309 01ac 44050000 		.4byte	.LASF29
 310 01b0 05       		.byte	0x5
 311 01b1 E706     		.2byte	0x6e7
 312 01b3 AF000000 		.4byte	0xaf
 313 01b7 30       		.byte	0x30
 314 01b8 0A       		.uleb128 0xa
 315 01b9 7C040000 		.4byte	.LASF30
 316 01bd 05       		.byte	0x5
 317 01be E806     		.2byte	0x6e8
 318 01c0 AF000000 		.4byte	0xaf
 319 01c4 34       		.byte	0x34
 320 01c5 0A       		.uleb128 0xa
 321 01c6 8E000000 		.4byte	.LASF31
 322 01ca 05       		.byte	0x5
 323 01cb E906     		.2byte	0x6e9
 324 01cd BA000000 		.4byte	0xba
 325 01d1 38       		.byte	0x38
 326 01d2 0A       		.uleb128 0xa
 327 01d3 A3010000 		.4byte	.LASF32
 328 01d7 05       		.byte	0x5
 329 01d8 EA06     		.2byte	0x6ea
 330 01da 9F000000 		.4byte	0x9f
 331 01de 3C       		.byte	0x3c
 332 01df 0A       		.uleb128 0xa
 333 01e0 30000000 		.4byte	.LASF33
 334 01e4 05       		.byte	0x5
 335 01e5 EB06     		.2byte	0x6eb
 336 01e7 AF000000 		.4byte	0xaf
 337 01eb 40       		.byte	0x40
 338 01ec 0A       		.uleb128 0xa
 339 01ed AB040000 		.4byte	.LASF34
 340 01f1 05       		.byte	0x5
 341 01f2 EC06     		.2byte	0x6ec
 342 01f4 AF000000 		.4byte	0xaf
ARM GAS  /tmp/cc1Xd7Nx.s 			page 7


 343 01f8 44       		.byte	0x44
 344 01f9 0A       		.uleb128 0xa
 345 01fa AD000000 		.4byte	.LASF35
 346 01fe 05       		.byte	0x5
 347 01ff ED06     		.2byte	0x6ed
 348 0201 9F000000 		.4byte	0x9f
 349 0205 48       		.byte	0x48
 350 0206 0A       		.uleb128 0xa
 351 0207 B3040000 		.4byte	.LASF36
 352 020b 05       		.byte	0x5
 353 020c EE06     		.2byte	0x6ee
 354 020e 9F000000 		.4byte	0x9f
 355 0212 4C       		.byte	0x4c
 356 0213 0A       		.uleb128 0xa
 357 0214 27050000 		.4byte	.LASF37
 358 0218 05       		.byte	0x5
 359 0219 EF06     		.2byte	0x6ef
 360 021b AF000000 		.4byte	0xaf
 361 021f 50       		.byte	0x50
 362 0220 0A       		.uleb128 0xa
 363 0221 EA030000 		.4byte	.LASF38
 364 0225 05       		.byte	0x5
 365 0226 F006     		.2byte	0x6f0
 366 0228 AF000000 		.4byte	0xaf
 367 022c 54       		.byte	0x54
 368 022d 0A       		.uleb128 0xa
 369 022e F3030000 		.4byte	.LASF39
 370 0232 05       		.byte	0x5
 371 0233 F106     		.2byte	0x6f1
 372 0235 9F000000 		.4byte	0x9f
 373 0239 58       		.byte	0x58
 374 023a 0A       		.uleb128 0xa
 375 023b A1040000 		.4byte	.LASF40
 376 023f 05       		.byte	0x5
 377 0240 F206     		.2byte	0x6f2
 378 0242 0D050000 		.4byte	0x50d
 379 0246 5C       		.byte	0x5c
 380 0247 0A       		.uleb128 0xa
 381 0248 C0010000 		.4byte	.LASF41
 382 024c 05       		.byte	0x5
 383 024d F306     		.2byte	0x6f3
 384 024f AF000000 		.4byte	0xaf
 385 0253 60       		.byte	0x60
 386 0254 0A       		.uleb128 0xa
 387 0255 2B040000 		.4byte	.LASF42
 388 0259 05       		.byte	0x5
 389 025a F406     		.2byte	0x6f4
 390 025c AF000000 		.4byte	0xaf
 391 0260 64       		.byte	0x64
 392 0261 0A       		.uleb128 0xa
 393 0262 C9010000 		.4byte	.LASF43
 394 0266 05       		.byte	0x5
 395 0267 F506     		.2byte	0x6f5
 396 0269 9F000000 		.4byte	0x9f
 397 026d 68       		.byte	0x68
 398 026e 0A       		.uleb128 0xa
 399 026f 43010000 		.4byte	.LASF44
ARM GAS  /tmp/cc1Xd7Nx.s 			page 8


 400 0273 05       		.byte	0x5
 401 0274 F606     		.2byte	0x6f6
 402 0276 12050000 		.4byte	0x512
 403 027a 6C       		.byte	0x6c
 404 027b 0A       		.uleb128 0xa
 405 027c 1C050000 		.4byte	.LASF45
 406 0280 05       		.byte	0x5
 407 0281 F706     		.2byte	0x6f7
 408 0283 17050000 		.4byte	0x517
 409 0287 70       		.byte	0x70
 410 0288 0A       		.uleb128 0xa
 411 0289 BB040000 		.4byte	.LASF46
 412 028d 05       		.byte	0x5
 413 028e F806     		.2byte	0x6f8
 414 0290 1C050000 		.4byte	0x51c
 415 0294 78       		.byte	0x78
 416 0295 0A       		.uleb128 0xa
 417 0296 CF020000 		.4byte	.LASF47
 418 029a 05       		.byte	0x5
 419 029b F906     		.2byte	0x6f9
 420 029d AF000000 		.4byte	0xaf
 421 02a1 80       		.byte	0x80
 422 02a2 0A       		.uleb128 0xa
 423 02a3 6A040000 		.4byte	.LASF48
 424 02a7 05       		.byte	0x5
 425 02a8 FA06     		.2byte	0x6fa
 426 02aa AF000000 		.4byte	0xaf
 427 02ae 84       		.byte	0x84
 428 02af 0A       		.uleb128 0xa
 429 02b0 DA020000 		.4byte	.LASF49
 430 02b4 05       		.byte	0x5
 431 02b5 FB06     		.2byte	0x6fb
 432 02b7 9F000000 		.4byte	0x9f
 433 02bb 88       		.byte	0x88
 434 02bc 0A       		.uleb128 0xa
 435 02bd 3A010000 		.4byte	.LASF50
 436 02c1 05       		.byte	0x5
 437 02c2 FC06     		.2byte	0x6fc
 438 02c4 BA000000 		.4byte	0xba
 439 02c8 8C       		.byte	0x8c
 440 02c9 0A       		.uleb128 0xa
 441 02ca B5000000 		.4byte	.LASF51
 442 02ce 05       		.byte	0x5
 443 02cf FD06     		.2byte	0x6fd
 444 02d1 AF000000 		.4byte	0xaf
 445 02d5 90       		.byte	0x90
 446 02d6 0A       		.uleb128 0xa
 447 02d7 C5020000 		.4byte	.LASF52
 448 02db 05       		.byte	0x5
 449 02dc FE06     		.2byte	0x6fe
 450 02de AF000000 		.4byte	0xaf
 451 02e2 94       		.byte	0x94
 452 02e3 0A       		.uleb128 0xa
 453 02e4 BF000000 		.4byte	.LASF53
 454 02e8 05       		.byte	0x5
 455 02e9 FF06     		.2byte	0x6ff
 456 02eb 9F000000 		.4byte	0x9f
ARM GAS  /tmp/cc1Xd7Nx.s 			page 9


 457 02ef 98       		.byte	0x98
 458 02f0 0A       		.uleb128 0xa
 459 02f1 19010000 		.4byte	.LASF54
 460 02f5 05       		.byte	0x5
 461 02f6 0007     		.2byte	0x700
 462 02f8 21050000 		.4byte	0x521
 463 02fc 9C       		.byte	0x9c
 464 02fd 0A       		.uleb128 0xa
 465 02fe CF000000 		.4byte	.LASF55
 466 0302 05       		.byte	0x5
 467 0303 0107     		.2byte	0x701
 468 0305 AF000000 		.4byte	0xaf
 469 0309 A0       		.byte	0xa0
 470 030a 0A       		.uleb128 0xa
 471 030b 6B050000 		.4byte	.LASF56
 472 030f 05       		.byte	0x5
 473 0310 0207     		.2byte	0x702
 474 0312 AF000000 		.4byte	0xaf
 475 0316 A4       		.byte	0xa4
 476 0317 0A       		.uleb128 0xa
 477 0318 74050000 		.4byte	.LASF57
 478 031c 05       		.byte	0x5
 479 031d 0307     		.2byte	0x703
 480 031f 9F000000 		.4byte	0x9f
 481 0323 A8       		.byte	0xa8
 482 0324 0A       		.uleb128 0xa
 483 0325 77010000 		.4byte	.LASF58
 484 0329 05       		.byte	0x5
 485 032a 0407     		.2byte	0x704
 486 032c 26050000 		.4byte	0x526
 487 0330 AC       		.byte	0xac
 488 0331 0A       		.uleb128 0xa
 489 0332 7D050000 		.4byte	.LASF59
 490 0336 05       		.byte	0x5
 491 0337 0507     		.2byte	0x705
 492 0339 AF000000 		.4byte	0xaf
 493 033d B0       		.byte	0xb0
 494 033e 0A       		.uleb128 0xa
 495 033f B6010000 		.4byte	.LASF60
 496 0343 05       		.byte	0x5
 497 0344 0607     		.2byte	0x706
 498 0346 AF000000 		.4byte	0xaf
 499 034a B4       		.byte	0xb4
 500 034b 0A       		.uleb128 0xa
 501 034c F6020000 		.4byte	.LASF61
 502 0350 05       		.byte	0x5
 503 0351 0707     		.2byte	0x707
 504 0353 9F000000 		.4byte	0x9f
 505 0357 B8       		.byte	0xb8
 506 0358 0A       		.uleb128 0xa
 507 0359 ED040000 		.4byte	.LASF62
 508 035d 05       		.byte	0x5
 509 035e 0807     		.2byte	0x708
 510 0360 2B050000 		.4byte	0x52b
 511 0364 BC       		.byte	0xbc
 512 0365 0A       		.uleb128 0xa
 513 0366 FD000000 		.4byte	.LASF63
ARM GAS  /tmp/cc1Xd7Nx.s 			page 10


 514 036a 05       		.byte	0x5
 515 036b 0907     		.2byte	0x709
 516 036d AF000000 		.4byte	0xaf
 517 0371 C0       		.byte	0xc0
 518 0372 0A       		.uleb128 0xa
 519 0373 D2010000 		.4byte	.LASF64
 520 0377 05       		.byte	0x5
 521 0378 0A07     		.2byte	0x70a
 522 037a AF000000 		.4byte	0xaf
 523 037e C4       		.byte	0xc4
 524 037f 0A       		.uleb128 0xa
 525 0380 FC030000 		.4byte	.LASF65
 526 0384 05       		.byte	0x5
 527 0385 0B07     		.2byte	0x70b
 528 0387 9F000000 		.4byte	0x9f
 529 038b C8       		.byte	0xc8
 530 038c 0A       		.uleb128 0xa
 531 038d BE030000 		.4byte	.LASF66
 532 0391 05       		.byte	0x5
 533 0392 0C07     		.2byte	0x70c
 534 0394 30050000 		.4byte	0x530
 535 0398 CC       		.byte	0xcc
 536 0399 0A       		.uleb128 0xa
 537 039a 87050000 		.4byte	.LASF67
 538 039e 05       		.byte	0x5
 539 039f 0D07     		.2byte	0x70d
 540 03a1 AF000000 		.4byte	0xaf
 541 03a5 D0       		.byte	0xd0
 542 03a6 0A       		.uleb128 0xa
 543 03a7 73000000 		.4byte	.LASF68
 544 03ab 05       		.byte	0x5
 545 03ac 0E07     		.2byte	0x70e
 546 03ae AF000000 		.4byte	0xaf
 547 03b2 D4       		.byte	0xd4
 548 03b3 0A       		.uleb128 0xa
 549 03b4 F7040000 		.4byte	.LASF69
 550 03b8 05       		.byte	0x5
 551 03b9 0F07     		.2byte	0x70f
 552 03bb 9F000000 		.4byte	0x9f
 553 03bf D8       		.byte	0xd8
 554 03c0 0A       		.uleb128 0xa
 555 03c1 C9030000 		.4byte	.LASF70
 556 03c5 05       		.byte	0x5
 557 03c6 1007     		.2byte	0x710
 558 03c8 35050000 		.4byte	0x535
 559 03cc DC       		.byte	0xdc
 560 03cd 0A       		.uleb128 0xa
 561 03ce 3C030000 		.4byte	.LASF71
 562 03d2 05       		.byte	0x5
 563 03d3 1107     		.2byte	0x711
 564 03d5 9F000000 		.4byte	0x9f
 565 03d9 E0       		.byte	0xe0
 566 03da 0A       		.uleb128 0xa
 567 03db D8000000 		.4byte	.LASF72
 568 03df 05       		.byte	0x5
 569 03e0 1207     		.2byte	0x712
 570 03e2 BA000000 		.4byte	0xba
ARM GAS  /tmp/cc1Xd7Nx.s 			page 11


 571 03e6 E4       		.byte	0xe4
 572 03e7 0A       		.uleb128 0xa
 573 03e8 02050000 		.4byte	.LASF73
 574 03ec 05       		.byte	0x5
 575 03ed 1307     		.2byte	0x713
 576 03ef 9F000000 		.4byte	0x9f
 577 03f3 E8       		.byte	0xe8
 578 03f4 0A       		.uleb128 0xa
 579 03f5 D4030000 		.4byte	.LASF74
 580 03f9 05       		.byte	0x5
 581 03fa 1407     		.2byte	0x714
 582 03fc 3A050000 		.4byte	0x53a
 583 0400 EC       		.byte	0xec
 584 0401 0B       		.uleb128 0xb
 585 0402 0E000000 		.4byte	.LASF75
 586 0406 05       		.byte	0x5
 587 0407 1507     		.2byte	0x715
 588 0409 BA000000 		.4byte	0xba
 589 040d 0001     		.2byte	0x100
 590 040f 0B       		.uleb128 0xb
 591 0410 DF030000 		.4byte	.LASF76
 592 0414 05       		.byte	0x5
 593 0415 1607     		.2byte	0x716
 594 0417 3F050000 		.4byte	0x53f
 595 041b 0401     		.2byte	0x104
 596 041d 0B       		.uleb128 0xb
 597 041e 4D050000 		.4byte	.LASF77
 598 0422 05       		.byte	0x5
 599 0423 1707     		.2byte	0x717
 600 0425 BA000000 		.4byte	0xba
 601 0429 5001     		.2byte	0x150
 602 042b 0B       		.uleb128 0xb
 603 042c 17030000 		.4byte	.LASF78
 604 0430 05       		.byte	0x5
 605 0431 1807     		.2byte	0x718
 606 0433 AF000000 		.4byte	0xaf
 607 0437 5401     		.2byte	0x154
 608 0439 0B       		.uleb128 0xb
 609 043a 05010000 		.4byte	.LASF79
 610 043e 05       		.byte	0x5
 611 043f 1907     		.2byte	0x719
 612 0441 AF000000 		.4byte	0xaf
 613 0445 5801     		.2byte	0x158
 614 0447 0B       		.uleb128 0xb
 615 0448 0A040000 		.4byte	.LASF80
 616 044c 05       		.byte	0x5
 617 044d 1A07     		.2byte	0x71a
 618 044f 9F000000 		.4byte	0x9f
 619 0453 5C01     		.2byte	0x15c
 620 0455 0B       		.uleb128 0xb
 621 0456 0F010000 		.4byte	.LASF81
 622 045a 05       		.byte	0x5
 623 045b 1B07     		.2byte	0x71b
 624 045d 9F000000 		.4byte	0x9f
 625 0461 6001     		.2byte	0x160
 626 0463 0B       		.uleb128 0xb
 627 0464 30010000 		.4byte	.LASF82
ARM GAS  /tmp/cc1Xd7Nx.s 			page 12


 628 0468 05       		.byte	0x5
 629 0469 1C07     		.2byte	0x71c
 630 046b 9F000000 		.4byte	0x9f
 631 046f 6401     		.2byte	0x164
 632 0471 0B       		.uleb128 0xb
 633 0472 73030000 		.4byte	.LASF83
 634 0476 05       		.byte	0x5
 635 0477 1D07     		.2byte	0x71d
 636 0479 BA000000 		.4byte	0xba
 637 047d 6801     		.2byte	0x168
 638 047f 0B       		.uleb128 0xb
 639 0480 E5020000 		.4byte	.LASF84
 640 0484 05       		.byte	0x5
 641 0485 1E07     		.2byte	0x71e
 642 0487 BA000000 		.4byte	0xba
 643 048b 6C01     		.2byte	0x16c
 644 048d 0B       		.uleb128 0xb
 645 048e 34040000 		.4byte	.LASF85
 646 0492 05       		.byte	0x5
 647 0493 1F07     		.2byte	0x71f
 648 0495 BA000000 		.4byte	0xba
 649 0499 7001     		.2byte	0x170
 650 049b 0B       		.uleb128 0xb
 651 049c F5000000 		.4byte	.LASF86
 652 04a0 05       		.byte	0x5
 653 04a1 2007     		.2byte	0x720
 654 04a3 BA000000 		.4byte	0xba
 655 04a7 7401     		.2byte	0x174
 656 04a9 0B       		.uleb128 0xb
 657 04aa 92050000 		.4byte	.LASF87
 658 04ae 05       		.byte	0x5
 659 04af 2107     		.2byte	0x721
 660 04b1 BA000000 		.4byte	0xba
 661 04b5 7801     		.2byte	0x178
 662 04b7 0B       		.uleb128 0xb
 663 04b8 00030000 		.4byte	.LASF88
 664 04bc 05       		.byte	0x5
 665 04bd 2207     		.2byte	0x722
 666 04bf BA000000 		.4byte	0xba
 667 04c3 7C01     		.2byte	0x17c
 668 04c5 0B       		.uleb128 0xb
 669 04c6 ED020000 		.4byte	.LASF89
 670 04ca 05       		.byte	0x5
 671 04cb 2307     		.2byte	0x723
 672 04cd BA000000 		.4byte	0xba
 673 04d1 8001     		.2byte	0x180
 674 04d3 0B       		.uleb128 0xb
 675 04d4 00000000 		.4byte	.LASF90
 676 04d8 05       		.byte	0x5
 677 04d9 2407     		.2byte	0x724
 678 04db BA000000 		.4byte	0xba
 679 04df 8401     		.2byte	0x184
 680 04e1 0B       		.uleb128 0xb
 681 04e2 33030000 		.4byte	.LASF91
 682 04e6 05       		.byte	0x5
 683 04e7 2507     		.2byte	0x725
 684 04e9 AF000000 		.4byte	0xaf
ARM GAS  /tmp/cc1Xd7Nx.s 			page 13


 685 04ed 8801     		.2byte	0x188
 686 04ef 0B       		.uleb128 0xb
 687 04f0 5D030000 		.4byte	.LASF92
 688 04f4 05       		.byte	0x5
 689 04f5 2607     		.2byte	0x726
 690 04f7 9F000000 		.4byte	0x9f
 691 04fb 8C01     		.2byte	0x18c
 692 04fd 00       		.byte	0
 693 04fe 05       		.uleb128 0x5
 694 04ff D5000000 		.4byte	0xd5
 695 0503 05       		.uleb128 0x5
 696 0504 D5000000 		.4byte	0xd5
 697 0508 05       		.uleb128 0x5
 698 0509 D5000000 		.4byte	0xd5
 699 050d 05       		.uleb128 0x5
 700 050e D5000000 		.4byte	0xd5
 701 0512 05       		.uleb128 0x5
 702 0513 D5000000 		.4byte	0xd5
 703 0517 05       		.uleb128 0x5
 704 0518 E5000000 		.4byte	0xe5
 705 051c 05       		.uleb128 0x5
 706 051d E5000000 		.4byte	0xe5
 707 0521 05       		.uleb128 0x5
 708 0522 D5000000 		.4byte	0xd5
 709 0526 05       		.uleb128 0x5
 710 0527 D5000000 		.4byte	0xd5
 711 052b 05       		.uleb128 0x5
 712 052c D5000000 		.4byte	0xd5
 713 0530 05       		.uleb128 0x5
 714 0531 D5000000 		.4byte	0xd5
 715 0535 05       		.uleb128 0x5
 716 0536 D5000000 		.4byte	0xd5
 717 053a 05       		.uleb128 0x5
 718 053b F5000000 		.4byte	0xf5
 719 053f 05       		.uleb128 0x5
 720 0540 C5000000 		.4byte	0xc5
 721 0544 0C       		.uleb128 0xc
 722 0545 50696F00 		.ascii	"Pio\000"
 723 0549 05       		.byte	0x5
 724 054a 2707     		.2byte	0x727
 725 054c 05010000 		.4byte	0x105
 726 0550 0D       		.uleb128 0xd
 727 0551 0C       		.byte	0xc
 728 0552 05       		.byte	0x5
 729 0553 7619     		.2byte	0x1976
 730 0555 81050000 		.4byte	0x581
 731 0559 0A       		.uleb128 0xa
 732 055a 38000000 		.4byte	.LASF93
 733 055e 05       		.byte	0x5
 734 055f 7719     		.2byte	0x1977
 735 0561 AF000000 		.4byte	0xaf
 736 0565 00       		.byte	0
 737 0566 0A       		.uleb128 0xa
 738 0567 75040000 		.4byte	.LASF94
 739 056b 05       		.byte	0x5
 740 056c 7819     		.2byte	0x1978
 741 056e BA000000 		.4byte	0xba
ARM GAS  /tmp/cc1Xd7Nx.s 			page 14


 742 0572 04       		.byte	0x4
 743 0573 0A       		.uleb128 0xa
 744 0574 87000000 		.4byte	.LASF95
 745 0578 05       		.byte	0x5
 746 0579 7919     		.2byte	0x1979
 747 057b 9F000000 		.4byte	0x9f
 748 057f 08       		.byte	0x8
 749 0580 00       		.byte	0
 750 0581 0C       		.uleb128 0xc
 751 0582 57647400 		.ascii	"Wdt\000"
 752 0586 05       		.byte	0x5
 753 0587 7A19     		.2byte	0x197a
 754 0589 50050000 		.4byte	0x550
 755 058d 0E       		.uleb128 0xe
 756 058e 0C       		.byte	0xc
 757 058f 06       		.byte	0x6
 758 0590 38       		.byte	0x38
 759 0591 BA050000 		.4byte	0x5ba
 760 0595 0F       		.uleb128 0xf
 761 0596 09000000 		.4byte	.LASF96
 762 059a 06       		.byte	0x6
 763 059b 3A       		.byte	0x3a
 764 059c 76000000 		.4byte	0x76
 765 05a0 00       		.byte	0
 766 05a1 10       		.uleb128 0x10
 767 05a2 6F737200 		.ascii	"osr\000"
 768 05a6 06       		.byte	0x6
 769 05a7 3C       		.byte	0x3c
 770 05a8 76000000 		.4byte	0x76
 771 05ac 04       		.byte	0x4
 772 05ad 0F       		.uleb128 0xf
 773 05ae 4D010000 		.4byte	.LASF97
 774 05b2 06       		.byte	0x6
 775 05b3 3E       		.byte	0x3e
 776 05b4 76000000 		.4byte	0x76
 777 05b8 08       		.byte	0x8
 778 05b9 00       		.byte	0
 779 05ba 04       		.uleb128 0x4
 780 05bb D8040000 		.4byte	.LASF98
 781 05bf 06       		.byte	0x6
 782 05c0 3F       		.byte	0x3f
 783 05c1 8D050000 		.4byte	0x58d
 784 05c5 0E       		.uleb128 0xe
 785 05c6 24       		.byte	0x24
 786 05c7 06       		.byte	0x6
 787 05c8 48       		.byte	0x48
 788 05c9 F2050000 		.4byte	0x5f2
 789 05cd 0F       		.uleb128 0xf
 790 05ce 93010000 		.4byte	.LASF99
 791 05d2 06       		.byte	0x6
 792 05d3 4A       		.byte	0x4a
 793 05d4 BA050000 		.4byte	0x5ba
 794 05d8 00       		.byte	0
 795 05d9 0F       		.uleb128 0xf
 796 05da 3C040000 		.4byte	.LASF100
 797 05de 06       		.byte	0x6
 798 05df 4B       		.byte	0x4b
ARM GAS  /tmp/cc1Xd7Nx.s 			page 15


 799 05e0 BA050000 		.4byte	0x5ba
 800 05e4 0C       		.byte	0xc
 801 05e5 0F       		.uleb128 0xf
 802 05e6 3F000000 		.4byte	.LASF101
 803 05ea 06       		.byte	0x6
 804 05eb 4C       		.byte	0x4c
 805 05ec BA050000 		.4byte	0x5ba
 806 05f0 18       		.byte	0x18
 807 05f1 00       		.byte	0
 808 05f2 04       		.uleb128 0x4
 809 05f3 21040000 		.4byte	.LASF102
 810 05f7 06       		.byte	0x6
 811 05f8 4D       		.byte	0x4d
 812 05f9 C5050000 		.4byte	0x5c5
 813 05fd 04       		.uleb128 0x4
 814 05fe 23010000 		.4byte	.LASF103
 815 0602 06       		.byte	0x6
 816 0603 5D       		.byte	0x5d
 817 0604 76000000 		.4byte	0x76
 818 0608 04       		.uleb128 0x4
 819 0609 A2000000 		.4byte	.LASF104
 820 060d 06       		.byte	0x6
 821 060e 65       		.byte	0x65
 822 060f 13060000 		.4byte	0x613
 823 0613 11       		.uleb128 0x11
 824 0614 04       		.byte	0x4
 825 0615 44050000 		.4byte	0x544
 826 0619 12       		.uleb128 0x12
 827 061a 14040000 		.4byte	.LASF105
 828 061e 01       		.byte	0x1
 829 061f 31       		.byte	0x31
 830 0620 00000000 		.4byte	.LFB36
 831 0624 10000000 		.4byte	.LFE36-.LFB36
 832 0628 01       		.uleb128 0x1
 833 0629 9C       		.byte	0x9c
 834 062a 38060000 		.4byte	0x638
 835 062e 13       		.uleb128 0x13
 836 062f 0C000000 		.4byte	.LVL0
 837 0633 94060000 		.4byte	0x694
 838 0637 00       		.byte	0
 839 0638 12       		.uleb128 0x12
 840 0639 AC010000 		.4byte	.LASF106
 841 063d 01       		.byte	0x1
 842 063e 3C       		.byte	0x3c
 843 063f 00000000 		.4byte	.LFB37
 844 0643 20000000 		.4byte	.LFE37-.LFB37
 845 0647 01       		.uleb128 0x1
 846 0648 9C       		.byte	0x9c
 847 0649 6D060000 		.4byte	0x66d
 848 064d 14       		.uleb128 0x14
 849 064e 0E000000 		.4byte	.LVL1
 850 0652 9B060000 		.4byte	0x69b
 851 0656 15       		.uleb128 0x15
 852 0657 01       		.uleb128 0x1
 853 0658 52       		.byte	0x52
 854 0659 01       		.uleb128 0x1
 855 065a 36       		.byte	0x36
ARM GAS  /tmp/cc1Xd7Nx.s 			page 16


 856 065b 15       		.uleb128 0x15
 857 065c 01       		.uleb128 0x1
 858 065d 51       		.byte	0x51
 859 065e 03       		.uleb128 0x3
 860 065f 40       		.byte	0x40
 861 0660 3D       		.byte	0x3d
 862 0661 24       		.byte	0x24
 863 0662 15       		.uleb128 0x15
 864 0663 01       		.uleb128 0x1
 865 0664 50       		.byte	0x50
 866 0665 05       		.uleb128 0x5
 867 0666 0C       		.byte	0xc
 868 0667 00120E40 		.4byte	0x400e1200
 869 066b 00       		.byte	0
 870 066c 00       		.byte	0
 871 066d 16       		.uleb128 0x16
 872 066e 5E050000 		.4byte	.LASF107
 873 0672 07       		.byte	0x7
 874 0673 CE06     		.2byte	0x6ce
 875 0675 79060000 		.4byte	0x679
 876 0679 05       		.uleb128 0x5
 877 067a 25000000 		.4byte	0x25
 878 067e 17       		.uleb128 0x17
 879 067f 46000000 		.4byte	.LASF108
 880 0683 01       		.byte	0x1
 881 0684 24       		.byte	0x24
 882 0685 8F060000 		.4byte	0x68f
 883 0689 05       		.uleb128 0x5
 884 068a 03       		.byte	0x3
 885 068b 00000000 		.4byte	pal_default_config
 886 068f 06       		.uleb128 0x6
 887 0690 F2050000 		.4byte	0x5f2
 888 0694 18       		.uleb128 0x18
 889 0695 30050000 		.4byte	.LASF112
 890 0699 08       		.byte	0x8
 891 069a 51       		.byte	0x51
 892 069b 19       		.uleb128 0x19
 893 069c 1A000000 		.4byte	.LASF113
 894 06a0 06       		.byte	0x6
 895 06a1 F6       		.byte	0xf6
 896 06a2 1A       		.uleb128 0x1a
 897 06a3 08060000 		.4byte	0x608
 898 06a7 1A       		.uleb128 0x1a
 899 06a8 FD050000 		.4byte	0x5fd
 900 06ac 1A       		.uleb128 0x1a
 901 06ad 81000000 		.4byte	0x81
 902 06b1 00       		.byte	0
 903 06b2 00       		.byte	0
 904              		.section	.debug_abbrev,"",%progbits
 905              	.Ldebug_abbrev0:
 906 0000 01       		.uleb128 0x1
 907 0001 11       		.uleb128 0x11
 908 0002 01       		.byte	0x1
 909 0003 25       		.uleb128 0x25
 910 0004 0E       		.uleb128 0xe
 911 0005 13       		.uleb128 0x13
 912 0006 0B       		.uleb128 0xb
ARM GAS  /tmp/cc1Xd7Nx.s 			page 17


 913 0007 03       		.uleb128 0x3
 914 0008 0E       		.uleb128 0xe
 915 0009 1B       		.uleb128 0x1b
 916 000a 0E       		.uleb128 0xe
 917 000b 55       		.uleb128 0x55
 918 000c 17       		.uleb128 0x17
 919 000d 11       		.uleb128 0x11
 920 000e 01       		.uleb128 0x1
 921 000f 10       		.uleb128 0x10
 922 0010 17       		.uleb128 0x17
 923 0011 00       		.byte	0
 924 0012 00       		.byte	0
 925 0013 02       		.uleb128 0x2
 926 0014 24       		.uleb128 0x24
 927 0015 00       		.byte	0
 928 0016 0B       		.uleb128 0xb
 929 0017 0B       		.uleb128 0xb
 930 0018 3E       		.uleb128 0x3e
 931 0019 0B       		.uleb128 0xb
 932 001a 03       		.uleb128 0x3
 933 001b 08       		.uleb128 0x8
 934 001c 00       		.byte	0
 935 001d 00       		.byte	0
 936 001e 03       		.uleb128 0x3
 937 001f 24       		.uleb128 0x24
 938 0020 00       		.byte	0
 939 0021 0B       		.uleb128 0xb
 940 0022 0B       		.uleb128 0xb
 941 0023 3E       		.uleb128 0x3e
 942 0024 0B       		.uleb128 0xb
 943 0025 03       		.uleb128 0x3
 944 0026 0E       		.uleb128 0xe
 945 0027 00       		.byte	0
 946 0028 00       		.byte	0
 947 0029 04       		.uleb128 0x4
 948 002a 16       		.uleb128 0x16
 949 002b 00       		.byte	0
 950 002c 03       		.uleb128 0x3
 951 002d 0E       		.uleb128 0xe
 952 002e 3A       		.uleb128 0x3a
 953 002f 0B       		.uleb128 0xb
 954 0030 3B       		.uleb128 0x3b
 955 0031 0B       		.uleb128 0xb
 956 0032 49       		.uleb128 0x49
 957 0033 13       		.uleb128 0x13
 958 0034 00       		.byte	0
 959 0035 00       		.byte	0
 960 0036 05       		.uleb128 0x5
 961 0037 35       		.uleb128 0x35
 962 0038 00       		.byte	0
 963 0039 49       		.uleb128 0x49
 964 003a 13       		.uleb128 0x13
 965 003b 00       		.byte	0
 966 003c 00       		.byte	0
 967 003d 06       		.uleb128 0x6
 968 003e 26       		.uleb128 0x26
 969 003f 00       		.byte	0
ARM GAS  /tmp/cc1Xd7Nx.s 			page 18


 970 0040 49       		.uleb128 0x49
 971 0041 13       		.uleb128 0x13
 972 0042 00       		.byte	0
 973 0043 00       		.byte	0
 974 0044 07       		.uleb128 0x7
 975 0045 01       		.uleb128 0x1
 976 0046 01       		.byte	0x1
 977 0047 49       		.uleb128 0x49
 978 0048 13       		.uleb128 0x13
 979 0049 01       		.uleb128 0x1
 980 004a 13       		.uleb128 0x13
 981 004b 00       		.byte	0
 982 004c 00       		.byte	0
 983 004d 08       		.uleb128 0x8
 984 004e 21       		.uleb128 0x21
 985 004f 00       		.byte	0
 986 0050 49       		.uleb128 0x49
 987 0051 13       		.uleb128 0x13
 988 0052 2F       		.uleb128 0x2f
 989 0053 0B       		.uleb128 0xb
 990 0054 00       		.byte	0
 991 0055 00       		.byte	0
 992 0056 09       		.uleb128 0x9
 993 0057 13       		.uleb128 0x13
 994 0058 01       		.byte	0x1
 995 0059 0B       		.uleb128 0xb
 996 005a 05       		.uleb128 0x5
 997 005b 3A       		.uleb128 0x3a
 998 005c 0B       		.uleb128 0xb
 999 005d 3B       		.uleb128 0x3b
 1000 005e 05       		.uleb128 0x5
 1001 005f 01       		.uleb128 0x1
 1002 0060 13       		.uleb128 0x13
 1003 0061 00       		.byte	0
 1004 0062 00       		.byte	0
 1005 0063 0A       		.uleb128 0xa
 1006 0064 0D       		.uleb128 0xd
 1007 0065 00       		.byte	0
 1008 0066 03       		.uleb128 0x3
 1009 0067 0E       		.uleb128 0xe
 1010 0068 3A       		.uleb128 0x3a
 1011 0069 0B       		.uleb128 0xb
 1012 006a 3B       		.uleb128 0x3b
 1013 006b 05       		.uleb128 0x5
 1014 006c 49       		.uleb128 0x49
 1015 006d 13       		.uleb128 0x13
 1016 006e 38       		.uleb128 0x38
 1017 006f 0B       		.uleb128 0xb
 1018 0070 00       		.byte	0
 1019 0071 00       		.byte	0
 1020 0072 0B       		.uleb128 0xb
 1021 0073 0D       		.uleb128 0xd
 1022 0074 00       		.byte	0
 1023 0075 03       		.uleb128 0x3
 1024 0076 0E       		.uleb128 0xe
 1025 0077 3A       		.uleb128 0x3a
 1026 0078 0B       		.uleb128 0xb
ARM GAS  /tmp/cc1Xd7Nx.s 			page 19


 1027 0079 3B       		.uleb128 0x3b
 1028 007a 05       		.uleb128 0x5
 1029 007b 49       		.uleb128 0x49
 1030 007c 13       		.uleb128 0x13
 1031 007d 38       		.uleb128 0x38
 1032 007e 05       		.uleb128 0x5
 1033 007f 00       		.byte	0
 1034 0080 00       		.byte	0
 1035 0081 0C       		.uleb128 0xc
 1036 0082 16       		.uleb128 0x16
 1037 0083 00       		.byte	0
 1038 0084 03       		.uleb128 0x3
 1039 0085 08       		.uleb128 0x8
 1040 0086 3A       		.uleb128 0x3a
 1041 0087 0B       		.uleb128 0xb
 1042 0088 3B       		.uleb128 0x3b
 1043 0089 05       		.uleb128 0x5
 1044 008a 49       		.uleb128 0x49
 1045 008b 13       		.uleb128 0x13
 1046 008c 00       		.byte	0
 1047 008d 00       		.byte	0
 1048 008e 0D       		.uleb128 0xd
 1049 008f 13       		.uleb128 0x13
 1050 0090 01       		.byte	0x1
 1051 0091 0B       		.uleb128 0xb
 1052 0092 0B       		.uleb128 0xb
 1053 0093 3A       		.uleb128 0x3a
 1054 0094 0B       		.uleb128 0xb
 1055 0095 3B       		.uleb128 0x3b
 1056 0096 05       		.uleb128 0x5
 1057 0097 01       		.uleb128 0x1
 1058 0098 13       		.uleb128 0x13
 1059 0099 00       		.byte	0
 1060 009a 00       		.byte	0
 1061 009b 0E       		.uleb128 0xe
 1062 009c 13       		.uleb128 0x13
 1063 009d 01       		.byte	0x1
 1064 009e 0B       		.uleb128 0xb
 1065 009f 0B       		.uleb128 0xb
 1066 00a0 3A       		.uleb128 0x3a
 1067 00a1 0B       		.uleb128 0xb
 1068 00a2 3B       		.uleb128 0x3b
 1069 00a3 0B       		.uleb128 0xb
 1070 00a4 01       		.uleb128 0x1
 1071 00a5 13       		.uleb128 0x13
 1072 00a6 00       		.byte	0
 1073 00a7 00       		.byte	0
 1074 00a8 0F       		.uleb128 0xf
 1075 00a9 0D       		.uleb128 0xd
 1076 00aa 00       		.byte	0
 1077 00ab 03       		.uleb128 0x3
 1078 00ac 0E       		.uleb128 0xe
 1079 00ad 3A       		.uleb128 0x3a
 1080 00ae 0B       		.uleb128 0xb
 1081 00af 3B       		.uleb128 0x3b
 1082 00b0 0B       		.uleb128 0xb
 1083 00b1 49       		.uleb128 0x49
ARM GAS  /tmp/cc1Xd7Nx.s 			page 20


 1084 00b2 13       		.uleb128 0x13
 1085 00b3 38       		.uleb128 0x38
 1086 00b4 0B       		.uleb128 0xb
 1087 00b5 00       		.byte	0
 1088 00b6 00       		.byte	0
 1089 00b7 10       		.uleb128 0x10
 1090 00b8 0D       		.uleb128 0xd
 1091 00b9 00       		.byte	0
 1092 00ba 03       		.uleb128 0x3
 1093 00bb 08       		.uleb128 0x8
 1094 00bc 3A       		.uleb128 0x3a
 1095 00bd 0B       		.uleb128 0xb
 1096 00be 3B       		.uleb128 0x3b
 1097 00bf 0B       		.uleb128 0xb
 1098 00c0 49       		.uleb128 0x49
 1099 00c1 13       		.uleb128 0x13
 1100 00c2 38       		.uleb128 0x38
 1101 00c3 0B       		.uleb128 0xb
 1102 00c4 00       		.byte	0
 1103 00c5 00       		.byte	0
 1104 00c6 11       		.uleb128 0x11
 1105 00c7 0F       		.uleb128 0xf
 1106 00c8 00       		.byte	0
 1107 00c9 0B       		.uleb128 0xb
 1108 00ca 0B       		.uleb128 0xb
 1109 00cb 49       		.uleb128 0x49
 1110 00cc 13       		.uleb128 0x13
 1111 00cd 00       		.byte	0
 1112 00ce 00       		.byte	0
 1113 00cf 12       		.uleb128 0x12
 1114 00d0 2E       		.uleb128 0x2e
 1115 00d1 01       		.byte	0x1
 1116 00d2 3F       		.uleb128 0x3f
 1117 00d3 19       		.uleb128 0x19
 1118 00d4 03       		.uleb128 0x3
 1119 00d5 0E       		.uleb128 0xe
 1120 00d6 3A       		.uleb128 0x3a
 1121 00d7 0B       		.uleb128 0xb
 1122 00d8 3B       		.uleb128 0x3b
 1123 00d9 0B       		.uleb128 0xb
 1124 00da 27       		.uleb128 0x27
 1125 00db 19       		.uleb128 0x19
 1126 00dc 11       		.uleb128 0x11
 1127 00dd 01       		.uleb128 0x1
 1128 00de 12       		.uleb128 0x12
 1129 00df 06       		.uleb128 0x6
 1130 00e0 40       		.uleb128 0x40
 1131 00e1 18       		.uleb128 0x18
 1132 00e2 9742     		.uleb128 0x2117
 1133 00e4 19       		.uleb128 0x19
 1134 00e5 01       		.uleb128 0x1
 1135 00e6 13       		.uleb128 0x13
 1136 00e7 00       		.byte	0
 1137 00e8 00       		.byte	0
 1138 00e9 13       		.uleb128 0x13
 1139 00ea 898201   		.uleb128 0x4109
 1140 00ed 00       		.byte	0
ARM GAS  /tmp/cc1Xd7Nx.s 			page 21


 1141 00ee 11       		.uleb128 0x11
 1142 00ef 01       		.uleb128 0x1
 1143 00f0 9542     		.uleb128 0x2115
 1144 00f2 19       		.uleb128 0x19
 1145 00f3 31       		.uleb128 0x31
 1146 00f4 13       		.uleb128 0x13
 1147 00f5 00       		.byte	0
 1148 00f6 00       		.byte	0
 1149 00f7 14       		.uleb128 0x14
 1150 00f8 898201   		.uleb128 0x4109
 1151 00fb 01       		.byte	0x1
 1152 00fc 11       		.uleb128 0x11
 1153 00fd 01       		.uleb128 0x1
 1154 00fe 31       		.uleb128 0x31
 1155 00ff 13       		.uleb128 0x13
 1156 0100 00       		.byte	0
 1157 0101 00       		.byte	0
 1158 0102 15       		.uleb128 0x15
 1159 0103 8A8201   		.uleb128 0x410a
 1160 0106 00       		.byte	0
 1161 0107 02       		.uleb128 0x2
 1162 0108 18       		.uleb128 0x18
 1163 0109 9142     		.uleb128 0x2111
 1164 010b 18       		.uleb128 0x18
 1165 010c 00       		.byte	0
 1166 010d 00       		.byte	0
 1167 010e 16       		.uleb128 0x16
 1168 010f 34       		.uleb128 0x34
 1169 0110 00       		.byte	0
 1170 0111 03       		.uleb128 0x3
 1171 0112 0E       		.uleb128 0xe
 1172 0113 3A       		.uleb128 0x3a
 1173 0114 0B       		.uleb128 0xb
 1174 0115 3B       		.uleb128 0x3b
 1175 0116 05       		.uleb128 0x5
 1176 0117 49       		.uleb128 0x49
 1177 0118 13       		.uleb128 0x13
 1178 0119 3F       		.uleb128 0x3f
 1179 011a 19       		.uleb128 0x19
 1180 011b 3C       		.uleb128 0x3c
 1181 011c 19       		.uleb128 0x19
 1182 011d 00       		.byte	0
 1183 011e 00       		.byte	0
 1184 011f 17       		.uleb128 0x17
 1185 0120 34       		.uleb128 0x34
 1186 0121 00       		.byte	0
 1187 0122 03       		.uleb128 0x3
 1188 0123 0E       		.uleb128 0xe
 1189 0124 3A       		.uleb128 0x3a
 1190 0125 0B       		.uleb128 0xb
 1191 0126 3B       		.uleb128 0x3b
 1192 0127 0B       		.uleb128 0xb
 1193 0128 49       		.uleb128 0x49
 1194 0129 13       		.uleb128 0x13
 1195 012a 3F       		.uleb128 0x3f
 1196 012b 19       		.uleb128 0x19
 1197 012c 02       		.uleb128 0x2
ARM GAS  /tmp/cc1Xd7Nx.s 			page 22


 1198 012d 18       		.uleb128 0x18
 1199 012e 00       		.byte	0
 1200 012f 00       		.byte	0
 1201 0130 18       		.uleb128 0x18
 1202 0131 2E       		.uleb128 0x2e
 1203 0132 00       		.byte	0
 1204 0133 3F       		.uleb128 0x3f
 1205 0134 19       		.uleb128 0x19
 1206 0135 03       		.uleb128 0x3
 1207 0136 0E       		.uleb128 0xe
 1208 0137 3A       		.uleb128 0x3a
 1209 0138 0B       		.uleb128 0xb
 1210 0139 3B       		.uleb128 0x3b
 1211 013a 0B       		.uleb128 0xb
 1212 013b 27       		.uleb128 0x27
 1213 013c 19       		.uleb128 0x19
 1214 013d 3C       		.uleb128 0x3c
 1215 013e 19       		.uleb128 0x19
 1216 013f 00       		.byte	0
 1217 0140 00       		.byte	0
 1218 0141 19       		.uleb128 0x19
 1219 0142 2E       		.uleb128 0x2e
 1220 0143 01       		.byte	0x1
 1221 0144 3F       		.uleb128 0x3f
 1222 0145 19       		.uleb128 0x19
 1223 0146 03       		.uleb128 0x3
 1224 0147 0E       		.uleb128 0xe
 1225 0148 3A       		.uleb128 0x3a
 1226 0149 0B       		.uleb128 0xb
 1227 014a 3B       		.uleb128 0x3b
 1228 014b 0B       		.uleb128 0xb
 1229 014c 27       		.uleb128 0x27
 1230 014d 19       		.uleb128 0x19
 1231 014e 3C       		.uleb128 0x3c
 1232 014f 19       		.uleb128 0x19
 1233 0150 00       		.byte	0
 1234 0151 00       		.byte	0
 1235 0152 1A       		.uleb128 0x1a
 1236 0153 05       		.uleb128 0x5
 1237 0154 00       		.byte	0
 1238 0155 49       		.uleb128 0x49
 1239 0156 13       		.uleb128 0x13
 1240 0157 00       		.byte	0
 1241 0158 00       		.byte	0
 1242 0159 00       		.byte	0
 1243              		.section	.debug_aranges,"",%progbits
 1244 0000 24000000 		.4byte	0x24
 1245 0004 0200     		.2byte	0x2
 1246 0006 00000000 		.4byte	.Ldebug_info0
 1247 000a 04       		.byte	0x4
 1248 000b 00       		.byte	0
 1249 000c 0000     		.2byte	0
 1250 000e 0000     		.2byte	0
 1251 0010 00000000 		.4byte	.LFB36
 1252 0014 10000000 		.4byte	.LFE36-.LFB36
 1253 0018 00000000 		.4byte	.LFB37
 1254 001c 20000000 		.4byte	.LFE37-.LFB37
ARM GAS  /tmp/cc1Xd7Nx.s 			page 23


 1255 0020 00000000 		.4byte	0
 1256 0024 00000000 		.4byte	0
 1257              		.section	.debug_ranges,"",%progbits
 1258              	.Ldebug_ranges0:
 1259 0000 00000000 		.4byte	.LFB36
 1260 0004 10000000 		.4byte	.LFE36
 1261 0008 00000000 		.4byte	.LFB37
 1262 000c 20000000 		.4byte	.LFE37
 1263 0010 00000000 		.4byte	0
 1264 0014 00000000 		.4byte	0
 1265              		.section	.debug_line,"",%progbits
 1266              	.Ldebug_line0:
 1267 0000 DB010000 		.section	.debug_str,"MS",%progbits,1
 1267      0200B301 
 1267      00000201 
 1267      FB0E0D00 
 1267      01010101 
 1268              	.LASF90:
 1269 0000 50494F5F 		.ascii	"PIO_TNCR\000"
 1269      544E4352 
 1269      00
 1270              	.LASF96:
 1271 0009 6F647372 		.ascii	"odsr\000"
 1271      00
 1272              	.LASF75:
 1273 000e 50494F5F 		.ascii	"PIO_SCHMITT\000"
 1273      5343484D 
 1273      49545400 
 1274              	.LASF113:
 1275 001a 5F70616C 		.ascii	"_pal_lld_setgroupmode\000"
 1275      5F6C6C64 
 1275      5F736574 
 1275      67726F75 
 1275      706D6F64 
 1276              	.LASF33:
 1277 0030 50494F5F 		.ascii	"PIO_IER\000"
 1277      49455200 
 1278              	.LASF93:
 1279 0038 5744545F 		.ascii	"WDT_CR\000"
 1279      435200
 1280              	.LASF101:
 1281 003f 50324461 		.ascii	"P2Data\000"
 1281      746100
 1282              	.LASF108:
 1283 0046 70616C5F 		.ascii	"pal_default_config\000"
 1283      64656661 
 1283      756C745F 
 1283      636F6E66 
 1283      696700
 1284              	.LASF22:
 1285 0059 50494F5F 		.ascii	"PIO_ODR\000"
 1285      4F445200 
 1286              	.LASF23:
 1287 0061 50494F5F 		.ascii	"PIO_OSR\000"
 1287      4F535200 
 1288              	.LASF3:
 1289 0069 73686F72 		.ascii	"short int\000"
ARM GAS  /tmp/cc1Xd7Nx.s 			page 24


 1289      7420696E 
 1289      7400
 1290              	.LASF68:
 1291 0073 50494F5F 		.ascii	"PIO_REHLSR\000"
 1291      5245484C 
 1291      535200
 1292              	.LASF12:
 1293 007e 73697A65 		.ascii	"sizetype\000"
 1293      74797065 
 1293      00
 1294              	.LASF95:
 1295 0087 5744545F 		.ascii	"WDT_SR\000"
 1295      535200
 1296              	.LASF31:
 1297 008e 50494F5F 		.ascii	"PIO_ODSR\000"
 1297      4F445352 
 1297      00
 1298              	.LASF9:
 1299 0097 5F5F7569 		.ascii	"__uint32_t\000"
 1299      6E743332 
 1299      5F7400
 1300              	.LASF104:
 1301 00a2 696F706F 		.ascii	"ioportid_t\000"
 1301      72746964 
 1301      5F7400
 1302              	.LASF35:
 1303 00ad 50494F5F 		.ascii	"PIO_IMR\000"
 1303      494D5200 
 1304              	.LASF51:
 1305 00b5 50494F5F 		.ascii	"PIO_PPDDR\000"
 1305      50504444 
 1305      5200
 1306              	.LASF53:
 1307 00bf 50494F5F 		.ascii	"PIO_PPDSR\000"
 1307      50504453 
 1307      5200
 1308              	.LASF15:
 1309 00c9 576F5265 		.ascii	"WoReg\000"
 1309      6700
 1310              	.LASF55:
 1311 00cf 50494F5F 		.ascii	"PIO_OWER\000"
 1311      4F574552 
 1311      00
 1312              	.LASF72:
 1313 00d8 50494F5F 		.ascii	"PIO_WPMR\000"
 1313      57504D52 
 1313      00
 1314              	.LASF20:
 1315 00e1 52657365 		.ascii	"Reserved1\000"
 1315      72766564 
 1315      3100
 1316              	.LASF24:
 1317 00eb 52657365 		.ascii	"Reserved2\000"
 1317      72766564 
 1317      3200
 1318              	.LASF86:
 1319 00f5 50494F5F 		.ascii	"PIO_TCR\000"
ARM GAS  /tmp/cc1Xd7Nx.s 			page 25


 1319      54435200 
 1320              	.LASF63:
 1321 00fd 50494F5F 		.ascii	"PIO_ESR\000"
 1321      45535200 
 1322              	.LASF79:
 1323 0105 50494F5F 		.ascii	"PIO_PCIDR\000"
 1323      50434944 
 1323      5200
 1324              	.LASF81:
 1325 010f 50494F5F 		.ascii	"PIO_PCISR\000"
 1325      50434953 
 1325      5200
 1326              	.LASF54:
 1327 0119 52657365 		.ascii	"Reserved7\000"
 1327      72766564 
 1327      3700
 1328              	.LASF103:
 1329 0123 696F706F 		.ascii	"ioportmask_t\000"
 1329      72746D61 
 1329      736B5F74 
 1329      00
 1330              	.LASF82:
 1331 0130 50494F5F 		.ascii	"PIO_PCRHR\000"
 1331      50435248 
 1331      5200
 1332              	.LASF50:
 1333 013a 50494F5F 		.ascii	"PIO_SCDR\000"
 1333      53434452 
 1333      00
 1334              	.LASF44:
 1335 0143 52657365 		.ascii	"Reserved5\000"
 1335      72766564 
 1335      3500
 1336              	.LASF97:
 1337 014d 70757372 		.ascii	"pusr\000"
 1337      00
 1338              	.LASF7:
 1339 0152 6C6F6E67 		.ascii	"long long int\000"
 1339      206C6F6E 
 1339      6720696E 
 1339      7400
 1340              	.LASF8:
 1341 0160 6C6F6E67 		.ascii	"long long unsigned int\000"
 1341      206C6F6E 
 1341      6720756E 
 1341      7369676E 
 1341      65642069 
 1342              	.LASF58:
 1343 0177 52657365 		.ascii	"Reserved8\000"
 1343      72766564 
 1343      3800
 1344              	.LASF26:
 1345 0181 50494F5F 		.ascii	"PIO_IFDR\000"
 1345      49464452 
 1345      00
 1346              	.LASF27:
 1347 018a 50494F5F 		.ascii	"PIO_IFSR\000"
ARM GAS  /tmp/cc1Xd7Nx.s 			page 26


 1347      49465352 
 1347      00
 1348              	.LASF99:
 1349 0193 50304461 		.ascii	"P0Data\000"
 1349      746100
 1350              	.LASF5:
 1351 019a 6C6F6E67 		.ascii	"long int\000"
 1351      20696E74 
 1351      00
 1352              	.LASF32:
 1353 01a3 50494F5F 		.ascii	"PIO_PDSR\000"
 1353      50445352 
 1353      00
 1354              	.LASF106:
 1355 01ac 626F6172 		.ascii	"boardInit\000"
 1355      64496E69 
 1355      7400
 1356              	.LASF60:
 1357 01b6 50494F5F 		.ascii	"PIO_AIMDR\000"
 1357      41494D44 
 1357      5200
 1358              	.LASF41:
 1359 01c0 50494F5F 		.ascii	"PIO_PUDR\000"
 1359      50554452 
 1359      00
 1360              	.LASF43:
 1361 01c9 50494F5F 		.ascii	"PIO_PUSR\000"
 1361      50555352 
 1361      00
 1362              	.LASF64:
 1363 01d2 50494F5F 		.ascii	"PIO_LSR\000"
 1363      4C535200 
 1364              	.LASF109:
 1365 01da 474E5520 		.ascii	"GNU C 4.9.3 20150529 (release) [ARM/embedded-4_9-br"
 1365      4320342E 
 1365      392E3320 
 1365      32303135 
 1365      30353239 
 1366 020d 616E6368 		.ascii	"anch revision 227977] -mcpu=cortex-m3 -mno-thumb-in"
 1366      20726576 
 1366      6973696F 
 1366      6E203232 
 1366      37393737 
 1367 0240 74657277 		.ascii	"terwork -mthumb -ggdb -O2 -std=gnu99 -fomit-frame-p"
 1367      6F726B20 
 1367      2D6D7468 
 1367      756D6220 
 1367      2D676764 
 1368 0273 6F696E74 		.ascii	"ointer -falign-functions=16 -ffunction-sections -fd"
 1368      6572202D 
 1368      66616C69 
 1368      676E2D66 
 1368      756E6374 
 1369 02a6 6174612D 		.ascii	"ata-sections -fno-common\000"
 1369      73656374 
 1369      696F6E73 
 1369      202D666E 
ARM GAS  /tmp/cc1Xd7Nx.s 			page 27


 1369      6F2D636F 
 1370              	.LASF14:
 1371 02bf 526F5265 		.ascii	"RoReg\000"
 1371      6700
 1372              	.LASF52:
 1373 02c5 50494F5F 		.ascii	"PIO_PPDER\000"
 1373      50504445 
 1373      5200
 1374              	.LASF47:
 1375 02cf 50494F5F 		.ascii	"PIO_IFSCDR\000"
 1375      49465343 
 1375      445200
 1376              	.LASF49:
 1377 02da 50494F5F 		.ascii	"PIO_IFSCSR\000"
 1377      49465343 
 1377      535200
 1378              	.LASF84:
 1379 02e5 50494F5F 		.ascii	"PIO_RCR\000"
 1379      52435200 
 1380              	.LASF89:
 1381 02ed 50494F5F 		.ascii	"PIO_TNPR\000"
 1381      544E5052 
 1381      00
 1382              	.LASF61:
 1383 02f6 50494F5F 		.ascii	"PIO_AIMMR\000"
 1383      41494D4D 
 1383      5200
 1384              	.LASF88:
 1385 0300 50494F5F 		.ascii	"PIO_RNCR\000"
 1385      524E4352 
 1385      00
 1386              	.LASF2:
 1387 0309 756E7369 		.ascii	"unsigned char\000"
 1387      676E6564 
 1387      20636861 
 1387      7200
 1388              	.LASF78:
 1389 0317 50494F5F 		.ascii	"PIO_PCIER\000"
 1389      50434945 
 1389      5200
 1390              	.LASF16:
 1391 0321 52775265 		.ascii	"RwReg\000"
 1391      6700
 1392              	.LASF1:
 1393 0327 7369676E 		.ascii	"signed char\000"
 1393      65642063 
 1393      68617200 
 1394              	.LASF91:
 1395 0333 50494F5F 		.ascii	"PIO_PTCR\000"
 1395      50544352 
 1395      00
 1396              	.LASF71:
 1397 033c 50494F5F 		.ascii	"PIO_LOCKSR\000"
 1397      4C4F434B 
 1397      535200
 1398              	.LASF11:
 1399 0347 75696E74 		.ascii	"uint_fast8_t\000"
ARM GAS  /tmp/cc1Xd7Nx.s 			page 28


 1399      5F666173 
 1399      74385F74 
 1399      00
 1400              	.LASF10:
 1401 0354 75696E74 		.ascii	"uint32_t\000"
 1401      33325F74 
 1401      00
 1402              	.LASF92:
 1403 035d 50494F5F 		.ascii	"PIO_PTSR\000"
 1403      50545352 
 1403      00
 1404              	.LASF0:
 1405 0366 756E7369 		.ascii	"unsigned int\000"
 1405      676E6564 
 1405      20696E74 
 1405      00
 1406              	.LASF83:
 1407 0373 50494F5F 		.ascii	"PIO_RPR\000"
 1407      52505200 
 1408              	.LASF111:
 1409 037b 2F686F6D 		.ascii	"/home/carlos/Documents/Embebidos/stamp_repo/files/c"
 1409      652F6361 
 1409      726C6F73 
 1409      2F446F63 
 1409      756D656E 
 1410 03ae 6F64652F 		.ascii	"ode/src/rtc_emb\000"
 1410      7372632F 
 1410      7274635F 
 1410      656D6200 
 1411              	.LASF66:
 1412 03be 52657365 		.ascii	"Reserved10\000"
 1412      72766564 
 1412      313000
 1413              	.LASF70:
 1414 03c9 52657365 		.ascii	"Reserved11\000"
 1414      72766564 
 1414      313100
 1415              	.LASF74:
 1416 03d4 52657365 		.ascii	"Reserved12\000"
 1416      72766564 
 1416      313200
 1417              	.LASF76:
 1418 03df 52657365 		.ascii	"Reserved13\000"
 1418      72766564 
 1418      313300
 1419              	.LASF38:
 1420 03ea 50494F5F 		.ascii	"PIO_MDDR\000"
 1420      4D444452 
 1420      00
 1421              	.LASF39:
 1422 03f3 50494F5F 		.ascii	"PIO_MDSR\000"
 1422      4D445352 
 1422      00
 1423              	.LASF65:
 1424 03fc 50494F5F 		.ascii	"PIO_ELSR\000"
 1424      454C5352 
 1424      00
ARM GAS  /tmp/cc1Xd7Nx.s 			page 29


 1425              	.LASF13:
 1426 0405 63686172 		.ascii	"char\000"
 1426      00
 1427              	.LASF80:
 1428 040a 50494F5F 		.ascii	"PIO_PCIMR\000"
 1428      5043494D 
 1428      5200
 1429              	.LASF105:
 1430 0414 5F5F6561 		.ascii	"__early_init\000"
 1430      726C795F 
 1430      696E6974 
 1430      00
 1431              	.LASF102:
 1432 0421 50414C43 		.ascii	"PALConfig\000"
 1432      6F6E6669 
 1432      6700
 1433              	.LASF42:
 1434 042b 50494F5F 		.ascii	"PIO_PUER\000"
 1434      50554552 
 1434      00
 1435              	.LASF85:
 1436 0434 50494F5F 		.ascii	"PIO_TPR\000"
 1436      54505200 
 1437              	.LASF100:
 1438 043c 50314461 		.ascii	"P1Data\000"
 1438      746100
 1439              	.LASF110:
 1440 0443 2E2E2F2E 		.ascii	"../../ext/ChibiOS/boards/STAMP/board.c\000"
 1440      2E2F6578 
 1440      742F4368 
 1440      6962694F 
 1440      532F626F 
 1441              	.LASF48:
 1442 046a 50494F5F 		.ascii	"PIO_IFSCER\000"
 1442      49465343 
 1442      455200
 1443              	.LASF94:
 1444 0475 5744545F 		.ascii	"WDT_MR\000"
 1444      4D5200
 1445              	.LASF30:
 1446 047c 50494F5F 		.ascii	"PIO_CODR\000"
 1446      434F4452 
 1446      00
 1447              	.LASF6:
 1448 0485 6C6F6E67 		.ascii	"long unsigned int\000"
 1448      20756E73 
 1448      69676E65 
 1448      6420696E 
 1448      7400
 1449              	.LASF28:
 1450 0497 52657365 		.ascii	"Reserved3\000"
 1450      72766564 
 1450      3300
 1451              	.LASF40:
 1452 04a1 52657365 		.ascii	"Reserved4\000"
 1452      72766564 
 1452      3400
ARM GAS  /tmp/cc1Xd7Nx.s 			page 30


 1453              	.LASF34:
 1454 04ab 50494F5F 		.ascii	"PIO_IDR\000"
 1454      49445200 
 1455              	.LASF36:
 1456 04b3 50494F5F 		.ascii	"PIO_ISR\000"
 1456      49535200 
 1457              	.LASF46:
 1458 04bb 52657365 		.ascii	"Reserved6\000"
 1458      72766564 
 1458      3600
 1459              	.LASF4:
 1460 04c5 73686F72 		.ascii	"short unsigned int\000"
 1460      7420756E 
 1460      7369676E 
 1460      65642069 
 1460      6E7400
 1461              	.LASF98:
 1462 04d8 61743931 		.ascii	"at91sam3_pio_setup_t\000"
 1462      73616D33 
 1462      5F70696F 
 1462      5F736574 
 1462      75705F74 
 1463              	.LASF62:
 1464 04ed 52657365 		.ascii	"Reserved9\000"
 1464      72766564 
 1464      3900
 1465              	.LASF69:
 1466 04f7 50494F5F 		.ascii	"PIO_FRLHSR\000"
 1466      46524C48 
 1466      535200
 1467              	.LASF73:
 1468 0502 50494F5F 		.ascii	"PIO_WPSR\000"
 1468      57505352 
 1468      00
 1469              	.LASF25:
 1470 050b 50494F5F 		.ascii	"PIO_IFER\000"
 1470      49464552 
 1470      00
 1471              	.LASF17:
 1472 0514 50494F5F 		.ascii	"PIO_PER\000"
 1472      50455200 
 1473              	.LASF45:
 1474 051c 50494F5F 		.ascii	"PIO_ABCDSR\000"
 1474      41424344 
 1474      535200
 1475              	.LASF37:
 1476 0527 50494F5F 		.ascii	"PIO_MDER\000"
 1476      4D444552 
 1476      00
 1477              	.LASF112:
 1478 0530 61743931 		.ascii	"at91sam3_clock_init\000"
 1478      73616D33 
 1478      5F636C6F 
 1478      636B5F69 
 1478      6E697400 
 1479              	.LASF29:
 1480 0544 50494F5F 		.ascii	"PIO_SODR\000"
ARM GAS  /tmp/cc1Xd7Nx.s 			page 31


 1480      534F4452 
 1480      00
 1481              	.LASF77:
 1482 054d 50494F5F 		.ascii	"PIO_PCMR\000"
 1482      50434D52 
 1482      00
 1483              	.LASF21:
 1484 0556 50494F5F 		.ascii	"PIO_OER\000"
 1484      4F455200 
 1485              	.LASF107:
 1486 055e 49544D5F 		.ascii	"ITM_RxBuffer\000"
 1486      52784275 
 1486      66666572 
 1486      00
 1487              	.LASF56:
 1488 056b 50494F5F 		.ascii	"PIO_OWDR\000"
 1488      4F574452 
 1488      00
 1489              	.LASF57:
 1490 0574 50494F5F 		.ascii	"PIO_OWSR\000"
 1490      4F575352 
 1490      00
 1491              	.LASF59:
 1492 057d 50494F5F 		.ascii	"PIO_AIMER\000"
 1492      41494D45 
 1492      5200
 1493              	.LASF67:
 1494 0587 50494F5F 		.ascii	"PIO_FELLSR\000"
 1494      46454C4C 
 1494      535200
 1495              	.LASF87:
 1496 0592 50494F5F 		.ascii	"PIO_RNPR\000"
 1496      524E5052 
 1496      00
 1497              	.LASF18:
 1498 059b 50494F5F 		.ascii	"PIO_PDR\000"
 1498      50445200 
 1499              	.LASF19:
 1500 05a3 50494F5F 		.ascii	"PIO_PSR\000"
 1500      50535200 
 1501              		.ident	"GCC: (GNU Tools for ARM Embedded Processors) 4.9.3 20150529 (release) [ARM/embedded-4_9-br
ARM GAS  /tmp/cc1Xd7Nx.s 			page 32


DEFINED SYMBOLS
                            *ABS*:00000000 board.c
     /tmp/cc1Xd7Nx.s:19     .text.__early_init:00000000 $t
     /tmp/cc1Xd7Nx.s:25     .text.__early_init:00000000 __early_init
     /tmp/cc1Xd7Nx.s:43     .text.__early_init:0000000c $d
     /tmp/cc1Xd7Nx.s:48     .text.boardInit:00000000 $t
     /tmp/cc1Xd7Nx.s:54     .text.boardInit:00000000 boardInit
     /tmp/cc1Xd7Nx.s:78     .text.boardInit:00000018 $d
     /tmp/cc1Xd7Nx.s:88     .rodata.pal_default_config:00000000 pal_default_config
     /tmp/cc1Xd7Nx.s:85     .rodata.pal_default_config:00000000 $d
                     .debug_frame:00000010 $d

UNDEFINED SYMBOLS
at91sam3_clock_init
_pal_lld_setgroupmode
