ARM GAS  /tmp/ccfNZo7d.s 			page 1


   1              		.syntax unified
   2              		.cpu cortex-m3
   3              		.fpu softvfp
   4              		.eabi_attribute 20, 1
   5              		.eabi_attribute 21, 1
   6              		.eabi_attribute 23, 3
   7              		.eabi_attribute 24, 1
   8              		.eabi_attribute 25, 1
   9              		.eabi_attribute 26, 1
  10              		.eabi_attribute 30, 2
  11              		.eabi_attribute 34, 1
  12              		.eabi_attribute 18, 4
  13              		.thumb
  14              		.file	"chcore.c"
  15              		.text
  16              	.Ltext0:
  17              		.cfi_sections	.debug_frame
  18              		.section	.text.port_halt,"ax",%progbits
  19              		.align	2
  20              		.p2align 4,,15
  21              		.weak	port_halt
  22              		.thumb
  23              		.thumb_func
  24              		.type	port_halt, %function
  25              	port_halt:
  26              	.LFB7:
  27              		.file 1 "../../ext/ChibiOS/os/ports/GCC/ARMCMx/chcore.c"
  28              		.loc 1 46 0
  29              		.cfi_startproc
  30              		@ args = 0, pretend = 0, frame = 0
  31              		@ frame_needed = 0, uses_anonymous_args = 0
  32              		@ link register save eliminated.
  33              		.loc 1 48 0
  34              	@ 48 "../../ext/ChibiOS/os/ports/GCC/ARMCMx/chcore.c" 1
  35 0000 72B6     		cpsid   i
  36              	@ 0 "" 2
  37              		.thumb
  38              	.L2:
  39              		.loc 1 50 0 discriminator 1
  40 0002 FEE7     		b	.L2
  41              		.cfi_endproc
  42              	.LFE7:
  43              		.size	port_halt, .-port_halt
  44              		.text
  45              	.Letext0:
  46              		.section	.debug_info,"",%progbits
  47              	.Ldebug_info0:
  48 0000 87000000 		.4byte	0x87
  49 0004 0400     		.2byte	0x4
  50 0006 00000000 		.4byte	.Ldebug_abbrev0
  51 000a 04       		.byte	0x4
  52 000b 01       		.uleb128 0x1
  53 000c 3D000000 		.4byte	.LASF11
  54 0010 01       		.byte	0x1
  55 0011 0E000000 		.4byte	.LASF12
  56 0015 58010000 		.4byte	.LASF13
  57 0019 00000000 		.4byte	.Ldebug_ranges0+0
ARM GAS  /tmp/ccfNZo7d.s 			page 2


  58 001d 00000000 		.4byte	0
  59 0021 00000000 		.4byte	.Ldebug_line0
  60 0025 02       		.uleb128 0x2
  61 0026 04       		.byte	0x4
  62 0027 05       		.byte	0x5
  63 0028 696E7400 		.ascii	"int\000"
  64 002c 03       		.uleb128 0x3
  65 002d 04       		.byte	0x4
  66 002e 07       		.byte	0x7
  67 002f 22010000 		.4byte	.LASF0
  68 0033 03       		.uleb128 0x3
  69 0034 01       		.byte	0x1
  70 0035 06       		.byte	0x6
  71 0036 CA010000 		.4byte	.LASF1
  72 003a 03       		.uleb128 0x3
  73 003b 01       		.byte	0x1
  74 003c 08       		.byte	0x8
  75 003d 9B010000 		.4byte	.LASF2
  76 0041 03       		.uleb128 0x3
  77 0042 02       		.byte	0x2
  78 0043 05       		.byte	0x5
  79 0044 E0010000 		.4byte	.LASF3
  80 0048 03       		.uleb128 0x3
  81 0049 02       		.byte	0x2
  82 004a 07       		.byte	0x7
  83 004b B7010000 		.4byte	.LASF4
  84 004f 03       		.uleb128 0x3
  85 0050 04       		.byte	0x4
  86 0051 05       		.byte	0x5
  87 0052 AE010000 		.4byte	.LASF5
  88 0056 03       		.uleb128 0x3
  89 0057 04       		.byte	0x4
  90 0058 07       		.byte	0x7
  91 0059 2F010000 		.4byte	.LASF6
  92 005d 03       		.uleb128 0x3
  93 005e 08       		.byte	0x8
  94 005f 05       		.byte	0x5
  95 0060 00000000 		.4byte	.LASF7
  96 0064 03       		.uleb128 0x3
  97 0065 08       		.byte	0x8
  98 0066 07       		.byte	0x7
  99 0067 41010000 		.4byte	.LASF8
 100 006b 03       		.uleb128 0x3
 101 006c 04       		.byte	0x4
 102 006d 07       		.byte	0x7
 103 006e EA010000 		.4byte	.LASF9
 104 0072 03       		.uleb128 0x3
 105 0073 01       		.byte	0x1
 106 0074 08       		.byte	0x8
 107 0075 A9010000 		.4byte	.LASF10
 108 0079 04       		.uleb128 0x4
 109 007a D6010000 		.4byte	.LASF14
 110 007e 01       		.byte	0x1
 111 007f 2E       		.byte	0x2e
 112 0080 00000000 		.4byte	.LFB7
 113 0084 04000000 		.4byte	.LFE7-.LFB7
 114 0088 01       		.uleb128 0x1
ARM GAS  /tmp/ccfNZo7d.s 			page 3


 115 0089 9C       		.byte	0x9c
 116 008a 00       		.byte	0
 117              		.section	.debug_abbrev,"",%progbits
 118              	.Ldebug_abbrev0:
 119 0000 01       		.uleb128 0x1
 120 0001 11       		.uleb128 0x11
 121 0002 01       		.byte	0x1
 122 0003 25       		.uleb128 0x25
 123 0004 0E       		.uleb128 0xe
 124 0005 13       		.uleb128 0x13
 125 0006 0B       		.uleb128 0xb
 126 0007 03       		.uleb128 0x3
 127 0008 0E       		.uleb128 0xe
 128 0009 1B       		.uleb128 0x1b
 129 000a 0E       		.uleb128 0xe
 130 000b 55       		.uleb128 0x55
 131 000c 17       		.uleb128 0x17
 132 000d 11       		.uleb128 0x11
 133 000e 01       		.uleb128 0x1
 134 000f 10       		.uleb128 0x10
 135 0010 17       		.uleb128 0x17
 136 0011 00       		.byte	0
 137 0012 00       		.byte	0
 138 0013 02       		.uleb128 0x2
 139 0014 24       		.uleb128 0x24
 140 0015 00       		.byte	0
 141 0016 0B       		.uleb128 0xb
 142 0017 0B       		.uleb128 0xb
 143 0018 3E       		.uleb128 0x3e
 144 0019 0B       		.uleb128 0xb
 145 001a 03       		.uleb128 0x3
 146 001b 08       		.uleb128 0x8
 147 001c 00       		.byte	0
 148 001d 00       		.byte	0
 149 001e 03       		.uleb128 0x3
 150 001f 24       		.uleb128 0x24
 151 0020 00       		.byte	0
 152 0021 0B       		.uleb128 0xb
 153 0022 0B       		.uleb128 0xb
 154 0023 3E       		.uleb128 0x3e
 155 0024 0B       		.uleb128 0xb
 156 0025 03       		.uleb128 0x3
 157 0026 0E       		.uleb128 0xe
 158 0027 00       		.byte	0
 159 0028 00       		.byte	0
 160 0029 04       		.uleb128 0x4
 161 002a 2E       		.uleb128 0x2e
 162 002b 00       		.byte	0
 163 002c 3F       		.uleb128 0x3f
 164 002d 19       		.uleb128 0x19
 165 002e 03       		.uleb128 0x3
 166 002f 0E       		.uleb128 0xe
 167 0030 3A       		.uleb128 0x3a
 168 0031 0B       		.uleb128 0xb
 169 0032 3B       		.uleb128 0x3b
 170 0033 0B       		.uleb128 0xb
 171 0034 27       		.uleb128 0x27
ARM GAS  /tmp/ccfNZo7d.s 			page 4


 172 0035 19       		.uleb128 0x19
 173 0036 11       		.uleb128 0x11
 174 0037 01       		.uleb128 0x1
 175 0038 12       		.uleb128 0x12
 176 0039 06       		.uleb128 0x6
 177 003a 40       		.uleb128 0x40
 178 003b 18       		.uleb128 0x18
 179 003c 9742     		.uleb128 0x2117
 180 003e 19       		.uleb128 0x19
 181 003f 00       		.byte	0
 182 0040 00       		.byte	0
 183 0041 00       		.byte	0
 184              		.section	.debug_aranges,"",%progbits
 185 0000 1C000000 		.4byte	0x1c
 186 0004 0200     		.2byte	0x2
 187 0006 00000000 		.4byte	.Ldebug_info0
 188 000a 04       		.byte	0x4
 189 000b 00       		.byte	0
 190 000c 0000     		.2byte	0
 191 000e 0000     		.2byte	0
 192 0010 00000000 		.4byte	.LFB7
 193 0014 04000000 		.4byte	.LFE7-.LFB7
 194 0018 00000000 		.4byte	0
 195 001c 00000000 		.4byte	0
 196              		.section	.debug_ranges,"",%progbits
 197              	.Ldebug_ranges0:
 198 0000 00000000 		.4byte	.LFB7
 199 0004 04000000 		.4byte	.LFE7
 200 0008 00000000 		.4byte	0
 201 000c 00000000 		.4byte	0
 202              		.section	.debug_line,"",%progbits
 203              	.Ldebug_line0:
 204 0000 60000000 		.section	.debug_str,"MS",%progbits,1
 204      02004500 
 204      00000201 
 204      FB0E0D00 
 204      01010101 
 205              	.LASF7:
 206 0000 6C6F6E67 		.ascii	"long long int\000"
 206      206C6F6E 
 206      6720696E 
 206      7400
 207              	.LASF12:
 208 000e 2E2E2F2E 		.ascii	"../../ext/ChibiOS/os/ports/GCC/ARMCMx/chcore.c\000"
 208      2E2F6578 
 208      742F4368 
 208      6962694F 
 208      532F6F73 
 209              	.LASF11:
 210 003d 474E5520 		.ascii	"GNU C 4.9.3 20150529 (release) [ARM/embedded-4_9-br"
 210      4320342E 
 210      392E3320 
 210      32303135 
 210      30353239 
 211 0070 616E6368 		.ascii	"anch revision 227977] -mcpu=cortex-m3 -mno-thumb-in"
 211      20726576 
 211      6973696F 
ARM GAS  /tmp/ccfNZo7d.s 			page 5


 211      6E203232 
 211      37393737 
 212 00a3 74657277 		.ascii	"terwork -mthumb -ggdb -O2 -std=gnu99 -fomit-frame-p"
 212      6F726B20 
 212      2D6D7468 
 212      756D6220 
 212      2D676764 
 213 00d6 6F696E74 		.ascii	"ointer -falign-functions=16 -ffunction-sections -fd"
 213      6572202D 
 213      66616C69 
 213      676E2D66 
 213      756E6374 
 214 0109 6174612D 		.ascii	"ata-sections -fno-common\000"
 214      73656374 
 214      696F6E73 
 214      202D666E 
 214      6F2D636F 
 215              	.LASF0:
 216 0122 756E7369 		.ascii	"unsigned int\000"
 216      676E6564 
 216      20696E74 
 216      00
 217              	.LASF6:
 218 012f 6C6F6E67 		.ascii	"long unsigned int\000"
 218      20756E73 
 218      69676E65 
 218      6420696E 
 218      7400
 219              	.LASF8:
 220 0141 6C6F6E67 		.ascii	"long long unsigned int\000"
 220      206C6F6E 
 220      6720756E 
 220      7369676E 
 220      65642069 
 221              	.LASF13:
 222 0158 2F686F6D 		.ascii	"/home/carlos/Documents/Embebidos/stamp_repo/files/c"
 222      652F6361 
 222      726C6F73 
 222      2F446F63 
 222      756D656E 
 223 018b 6F64652F 		.ascii	"ode/src/rtc_emb\000"
 223      7372632F 
 223      7274635F 
 223      656D6200 
 224              	.LASF2:
 225 019b 756E7369 		.ascii	"unsigned char\000"
 225      676E6564 
 225      20636861 
 225      7200
 226              	.LASF10:
 227 01a9 63686172 		.ascii	"char\000"
 227      00
 228              	.LASF5:
 229 01ae 6C6F6E67 		.ascii	"long int\000"
 229      20696E74 
 229      00
 230              	.LASF4:
ARM GAS  /tmp/ccfNZo7d.s 			page 6


 231 01b7 73686F72 		.ascii	"short unsigned int\000"
 231      7420756E 
 231      7369676E 
 231      65642069 
 231      6E7400
 232              	.LASF1:
 233 01ca 7369676E 		.ascii	"signed char\000"
 233      65642063 
 233      68617200 
 234              	.LASF14:
 235 01d6 706F7274 		.ascii	"port_halt\000"
 235      5F68616C 
 235      7400
 236              	.LASF3:
 237 01e0 73686F72 		.ascii	"short int\000"
 237      7420696E 
 237      7400
 238              	.LASF9:
 239 01ea 73697A65 		.ascii	"sizetype\000"
 239      74797065 
 239      00
 240              		.ident	"GCC: (GNU Tools for ARM Embedded Processors) 4.9.3 20150529 (release) [ARM/embedded-4_9-br
ARM GAS  /tmp/ccfNZo7d.s 			page 7


DEFINED SYMBOLS
                            *ABS*:00000000 chcore.c
     /tmp/ccfNZo7d.s:19     .text.port_halt:00000000 $t
     /tmp/ccfNZo7d.s:25     .text.port_halt:00000000 port_halt
                     .debug_frame:00000010 $d

NO UNDEFINED SYMBOLS
